C:\Users\Globus Bank-Steville\source\repos\Hahn.ApplicatonProcess.Application\Hahn.ApplicatonProcess.Application\Client\src\app.js
C:\Users\Globus Bank-Steville\source\repos\Hahn.ApplicatonProcess.Application\Hahn.ApplicatonProcess.Application\Client\src\app.js.map
C:\Users\Globus Bank-Steville\source\repos\Hahn.ApplicatonProcess.Application\Hahn.ApplicatonProcess.Application\Client\src\main.js
C:\Users\Globus Bank-Steville\source\repos\Hahn.ApplicatonProcess.Application\Hahn.ApplicatonProcess.Application\Client\src\main.js.map
C:\Users\Globus Bank-Steville\source\repos\Hahn.ApplicatonProcess.Application\Hahn.ApplicatonProcess.Application\Client\src\Applicant\applicant.js
C:\Users\Globus Bank-Steville\source\repos\Hahn.ApplicatonProcess.Application\Hahn.ApplicatonProcess.Application\Client\src\Applicant\applicant.js.map
C:\Users\Globus Bank-Steville\source\repos\Hahn.ApplicatonProcess.Application\Hahn.ApplicatonProcess.Application\Client\src\Applicant\messages.js
C:\Users\Globus Bank-Steville\source\repos\Hahn.ApplicatonProcess.Application\Hahn.ApplicatonProcess.Application\Client\src\Applicant\messages.js.map
C:\Users\Globus Bank-Steville\source\repos\Hahn.ApplicatonProcess.Application\Hahn.ApplicatonProcess.Application\Client\src\resources\bootstrap-form-renderer.js
C:\Users\Globus Bank-Steville\source\repos\Hahn.ApplicatonProcess.Application\Hahn.ApplicatonProcess.Application\Client\src\resources\bootstrap-form-renderer.js.map
C:\Users\Globus Bank-Steville\source\repos\Hahn.ApplicatonProcess.Application\Hahn.ApplicatonProcess.Application\Client\src\Applicant\applicantcreate.js
C:\Users\Globus Bank-Steville\source\repos\Hahn.ApplicatonProcess.Application\Hahn.ApplicatonProcess.Application\Client\src\Applicant\applicantcreate.js.map
C:\Users\Globus Bank-Steville\source\repos\Hahn.ApplicatonProcess.Application\Hahn.ApplicatonProcess.Application\Client\src\Applicant\applicantservice.js
C:\Users\Globus Bank-Steville\source\repos\Hahn.ApplicatonProcess.Application\Hahn.ApplicatonProcess.Application\Client\src\Applicant\applicantservice.js.map
C:\Users\Globus Bank-Steville\source\repos\Hahn.ApplicatonProcess.Application\Hahn.ApplicatonProcess.Application\Client\src\Applicant\applicantdetail.js
C:\Users\Globus Bank-Steville\source\repos\Hahn.ApplicatonProcess.Application\Hahn.ApplicatonProcess.Application\Client\src\Applicant\applicantdetail.js.map
C:\Users\Globus Bank-Steville\source\repos\Hahn.ApplicatonProcess.Application\Hahn.ApplicatonProcess.Application\Client\src\Applicant\applicants.js
C:\Users\Globus Bank-Steville\source\repos\Hahn.ApplicatonProcess.Application\Hahn.ApplicatonProcess.Application\Client\src\Applicant\applicants.js.map
C:\Users\Globus Bank-Steville\source\repos\Hahn.ApplicatonProcess.Application\Hahn.ApplicatonProcess.Application\Client\src\config\api.js
C:\Users\Globus Bank-Steville\source\repos\Hahn.ApplicatonProcess.Application\Hahn.ApplicatonProcess.Application\Client\src\config\api.js.map
C:\Users\Globus Bank-Steville\source\repos\Hahn.ApplicatonProcess.Application\Hahn.ApplicatonProcess.Application\Client\src\home\home.js
C:\Users\Globus Bank-Steville\source\repos\Hahn.ApplicatonProcess.Application\Hahn.ApplicatonProcess.Application\Client\src\home\home.js.map
C:\Users\Globus Bank-Steville\source\repos\Hahn.ApplicatonProcess.Application\Hahn.ApplicatonProcess.Application\Client\src\resources\index.js
C:\Users\Globus Bank-Steville\source\repos\Hahn.ApplicatonProcess.Application\Hahn.ApplicatonProcess.Application\Client\src\resources\index.js.map
C:\Users\Globus Bank-Steville\source\repos\Hahn.ApplicatonProcess.Application\Hahn.ApplicatonProcess.Application\Client\src\services\services.js
C:\Users\Globus Bank-Steville\source\repos\Hahn.ApplicatonProcess.Application\Hahn.ApplicatonProcess.Application\Client\src\services\services.js.map
C:\Users\Globus Bank-Steville\source\repos\Hahn.ApplicatonProcess.Application\Hahn.ApplicatonProcess.Application\Client\test\jest-pretest.js
C:\Users\Globus Bank-Steville\source\repos\Hahn.ApplicatonProcess.Application\Hahn.ApplicatonProcess.Application\Client\test\jest-pretest.js.map
C:\Users\Globus Bank-Steville\source\repos\Hahn.ApplicatonProcess.Application\Hahn.ApplicatonProcess.Application\Client\test\unit\app.spec.js
C:\Users\Globus Bank-Steville\source\repos\Hahn.ApplicatonProcess.Application\Hahn.ApplicatonProcess.Application\Client\test\unit\app.spec.js.map
